<?xml version="1.0" encoding="UTF-8"?>
<!-- Generated by org.testng.reporters.JUnitReportReporter -->
<testsuite hostname="CO-IT008125" failures="0" tests="1" name="org.Globant.AppTest" time="0.002" errors="0" timestamp="2022-11-12T11:53:33 COT" skipped="0">
  <testcase classname="org.Globant.AppTest" name="testApp" time="0.002"/>
  <system-out/>
</testsuite> <!-- org.Globant.AppTest -->
