<?xml version="1.0" encoding="UTF-8"?>
<!-- Generated by org.testng.reporters.JUnitReportReporter -->
<testsuite hostname="CO-IT008125" failures="0" tests="3" name="com.globant.AppTest" time="0.001" errors="0" timestamp="08 Nov 2022 03:43:41 GMT" skipped="0">
  <testcase classname="com.globant.AppTest" name="logOut" time="0.001"/>
  <testcase classname="com.globant.AppTest" name="logInto" time="0.000"/>
  <testcase classname="com.globant.AppTest" name="deactivateUser" time="0.000"/>
</testsuite> <!-- com.globant.AppTest -->
